<?xml version="1.0" encoding="UTF-8"?>
<testsuite xmlns:xsi="http://www.w3.org/2001/XMLSchema-instance" xsi:noNamespaceSchemaLocation="https://maven.apache.org/surefire/maven-surefire-plugin/xsd/surefire-test-report-3.0.xsd" version="3.0" name="com.example.cd_15ecommercebackend.Cd15ECommerceBackendApplicationTests" time="6.919" tests="1" errors="0" skipped="0" failures="0">
  <properties>
    <property name="java.specification.version" value="17"/>
    <property name="sun.jnu.encoding" value="UTF-8"/>
    <property name="java.class.path" value="/home/divum/Documents/Spring/NaanMudhalvanBackend/CD_15 ECommerceBackend (copy)/target/test-classes:/home/divum/Documents/Spring/NaanMudhalvanBackend/CD_15 ECommerceBackend (copy)/target/classes:/home/divum/.m2/repository/org/springframework/boot/spring-boot-starter-security/3.1.5/spring-boot-starter-security-3.1.5.jar:/home/divum/.m2/repository/org/springframework/boot/spring-boot-starter/3.1.5/spring-boot-starter-3.1.5.jar:/home/divum/.m2/repository/org/springframework/boot/spring-boot/3.1.5/spring-boot-3.1.5.jar:/home/divum/.m2/repository/org/springframework/boot/spring-boot-autoconfigure/3.1.5/spring-boot-autoconfigure-3.1.5.jar:/home/divum/.m2/repository/org/springframework/boot/spring-boot-starter-logging/3.1.5/spring-boot-starter-logging-3.1.5.jar:/home/divum/.m2/repository/ch/qos/logback/logback-classic/1.4.11/logback-classic-1.4.11.jar:/home/divum/.m2/repository/ch/qos/logback/logback-core/1.4.11/logback-core-1.4.11.jar:/home/divum/.m2/repository/org/apache/logging/log4j/log4j-to-slf4j/2.20.0/log4j-to-slf4j-2.20.0.jar:/home/divum/.m2/repository/org/apache/logging/log4j/log4j-api/2.20.0/log4j-api-2.20.0.jar:/home/divum/.m2/repository/org/slf4j/jul-to-slf4j/2.0.9/jul-to-slf4j-2.0.9.jar:/home/divum/.m2/repository/jakarta/annotation/jakarta.annotation-api/2.1.1/jakarta.annotation-api-2.1.1.jar:/home/divum/.m2/repository/org/yaml/snakeyaml/1.33/snakeyaml-1.33.jar:/home/divum/.m2/repository/org/springframework/spring-aop/6.0.13/spring-aop-6.0.13.jar:/home/divum/.m2/repository/org/springframework/spring-beans/6.0.13/spring-beans-6.0.13.jar:/home/divum/.m2/repository/org/springframework/security/spring-security-config/6.1.5/spring-security-config-6.1.5.jar:/home/divum/.m2/repository/org/springframework/spring-context/6.0.13/spring-context-6.0.13.jar:/home/divum/.m2/repository/org/springframework/security/spring-security-web/6.1.5/spring-security-web-6.1.5.jar:/home/divum/.m2/repository/org/springframework/spring-expression/6.0.13/spring-expression-6.0.13.jar:/home/divum/.m2/repository/org/springframework/boot/spring-boot-starter-web/3.1.5/spring-boot-starter-web-3.1.5.jar:/home/divum/.m2/repository/org/springframework/boot/spring-boot-starter-json/3.1.5/spring-boot-starter-json-3.1.5.jar:/home/divum/.m2/repository/com/fasterxml/jackson/datatype/jackson-datatype-jdk8/2.15.3/jackson-datatype-jdk8-2.15.3.jar:/home/divum/.m2/repository/com/fasterxml/jackson/datatype/jackson-datatype-jsr310/2.15.3/jackson-datatype-jsr310-2.15.3.jar:/home/divum/.m2/repository/com/fasterxml/jackson/module/jackson-module-parameter-names/2.15.3/jackson-module-parameter-names-2.15.3.jar:/home/divum/.m2/repository/org/springframework/boot/spring-boot-starter-tomcat/3.1.5/spring-boot-starter-tomcat-3.1.5.jar:/home/divum/.m2/repository/org/apache/tomcat/embed/tomcat-embed-core/10.1.15/tomcat-embed-core-10.1.15.jar:/home/divum/.m2/repository/org/apache/tomcat/embed/tomcat-embed-el/10.1.15/tomcat-embed-el-10.1.15.jar:/home/divum/.m2/repository/org/apache/tomcat/embed/tomcat-embed-websocket/10.1.15/tomcat-embed-websocket-10.1.15.jar:/home/divum/.m2/repository/org/springframework/spring-web/6.0.13/spring-web-6.0.13.jar:/home/divum/.m2/repository/io/micrometer/micrometer-observation/1.11.5/micrometer-observation-1.11.5.jar:/home/divum/.m2/repository/io/micrometer/micrometer-commons/1.11.5/micrometer-commons-1.11.5.jar:/home/divum/.m2/repository/org/springframework/spring-webmvc/6.0.13/spring-webmvc-6.0.13.jar:/home/divum/.m2/repository/org/springframework/boot/spring-boot-starter-data-mongodb/3.1.5/spring-boot-starter-data-mongodb-3.1.5.jar:/home/divum/.m2/repository/org/mongodb/mongodb-driver-sync/4.9.1/mongodb-driver-sync-4.9.1.jar:/home/divum/.m2/repository/org/mongodb/bson/4.9.1/bson-4.9.1.jar:/home/divum/.m2/repository/org/mongodb/mongodb-driver-core/4.9.1/mongodb-driver-core-4.9.1.jar:/home/divum/.m2/repository/org/mongodb/bson-record-codec/4.9.1/bson-record-codec-4.9.1.jar:/home/divum/.m2/repository/org/springframework/data/spring-data-mongodb/4.1.5/spring-data-mongodb-4.1.5.jar:/home/divum/.m2/repository/org/springframework/spring-tx/6.0.13/spring-tx-6.0.13.jar:/home/divum/.m2/repository/org/springframework/data/spring-data-commons/3.1.5/spring-data-commons-3.1.5.jar:/home/divum/.m2/repository/org/slf4j/slf4j-api/2.0.9/slf4j-api-2.0.9.jar:/home/divum/.m2/repository/org/projectlombok/lombok/1.18.30/lombok-1.18.30.jar:/home/divum/.m2/repository/io/jsonwebtoken/jjwt-jackson/0.11.5/jjwt-jackson-0.11.5.jar:/home/divum/.m2/repository/io/jsonwebtoken/jjwt-impl/0.11.5/jjwt-impl-0.11.5.jar:/home/divum/.m2/repository/io/jsonwebtoken/jjwt-api/0.11.5/jjwt-api-0.11.5.jar:/home/divum/.m2/repository/commons-io/commons-io/2.11.0/commons-io-2.11.0.jar:/home/divum/.m2/repository/com/fasterxml/jackson/core/jackson-databind/2.15.3/jackson-databind-2.15.3.jar:/home/divum/.m2/repository/com/fasterxml/jackson/core/jackson-annotations/2.15.3/jackson-annotations-2.15.3.jar:/home/divum/.m2/repository/com/fasterxml/jackson/core/jackson-core/2.15.3/jackson-core-2.15.3.jar:/home/divum/.m2/repository/org/springframework/boot/spring-boot-starter-test/3.1.5/spring-boot-starter-test-3.1.5.jar:/home/divum/.m2/repository/org/springframework/boot/spring-boot-test/3.1.5/spring-boot-test-3.1.5.jar:/home/divum/.m2/repository/org/springframework/boot/spring-boot-test-autoconfigure/3.1.5/spring-boot-test-autoconfigure-3.1.5.jar:/home/divum/.m2/repository/com/jayway/jsonpath/json-path/2.8.0/json-path-2.8.0.jar:/home/divum/.m2/repository/jakarta/xml/bind/jakarta.xml.bind-api/4.0.1/jakarta.xml.bind-api-4.0.1.jar:/home/divum/.m2/repository/jakarta/activation/jakarta.activation-api/2.1.2/jakarta.activation-api-2.1.2.jar:/home/divum/.m2/repository/net/minidev/json-smart/2.4.11/json-smart-2.4.11.jar:/home/divum/.m2/repository/net/minidev/accessors-smart/2.4.11/accessors-smart-2.4.11.jar:/home/divum/.m2/repository/org/ow2/asm/asm/9.3/asm-9.3.jar:/home/divum/.m2/repository/org/assertj/assertj-core/3.24.2/assertj-core-3.24.2.jar:/home/divum/.m2/repository/net/bytebuddy/byte-buddy/1.14.9/byte-buddy-1.14.9.jar:/home/divum/.m2/repository/org/hamcrest/hamcrest/2.2/hamcrest-2.2.jar:/home/divum/.m2/repository/org/junit/jupiter/junit-jupiter/5.9.3/junit-jupiter-5.9.3.jar:/home/divum/.m2/repository/org/junit/jupiter/junit-jupiter-api/5.9.3/junit-jupiter-api-5.9.3.jar:/home/divum/.m2/repository/org/opentest4j/opentest4j/1.2.0/opentest4j-1.2.0.jar:/home/divum/.m2/repository/org/junit/platform/junit-platform-commons/1.9.3/junit-platform-commons-1.9.3.jar:/home/divum/.m2/repository/org/apiguardian/apiguardian-api/1.1.2/apiguardian-api-1.1.2.jar:/home/divum/.m2/repository/org/junit/jupiter/junit-jupiter-params/5.9.3/junit-jupiter-params-5.9.3.jar:/home/divum/.m2/repository/org/junit/jupiter/junit-jupiter-engine/5.9.3/junit-jupiter-engine-5.9.3.jar:/home/divum/.m2/repository/org/junit/platform/junit-platform-engine/1.9.3/junit-platform-engine-1.9.3.jar:/home/divum/.m2/repository/org/mockito/mockito-core/5.3.1/mockito-core-5.3.1.jar:/home/divum/.m2/repository/net/bytebuddy/byte-buddy-agent/1.14.9/byte-buddy-agent-1.14.9.jar:/home/divum/.m2/repository/org/objenesis/objenesis/3.3/objenesis-3.3.jar:/home/divum/.m2/repository/org/mockito/mockito-junit-jupiter/5.3.1/mockito-junit-jupiter-5.3.1.jar:/home/divum/.m2/repository/org/skyscreamer/jsonassert/1.5.1/jsonassert-1.5.1.jar:/home/divum/.m2/repository/com/vaadin/external/google/android-json/0.0.20131108.vaadin1/android-json-0.0.20131108.vaadin1.jar:/home/divum/.m2/repository/org/springframework/spring-core/6.0.13/spring-core-6.0.13.jar:/home/divum/.m2/repository/org/springframework/spring-jcl/6.0.13/spring-jcl-6.0.13.jar:/home/divum/.m2/repository/org/springframework/spring-test/6.0.13/spring-test-6.0.13.jar:/home/divum/.m2/repository/org/xmlunit/xmlunit-core/2.9.1/xmlunit-core-2.9.1.jar:/home/divum/.m2/repository/org/springframework/security/spring-security-test/6.1.5/spring-security-test-6.1.5.jar:/home/divum/.m2/repository/org/springframework/security/spring-security-core/6.1.5/spring-security-core-6.1.5.jar:/home/divum/.m2/repository/org/springframework/security/spring-security-crypto/6.1.5/spring-security-crypto-6.1.5.jar:"/>
    <property name="java.vm.vendor" value="Private Build"/>
    <property name="sun.arch.data.model" value="64"/>
    <property name="java.vendor.url" value="Unknown"/>
    <property name="user.timezone" value="Asia/Kolkata"/>
    <property name="os.name" value="Linux"/>
    <property name="java.vm.specification.version" value="17"/>
    <property name="sun.java.launcher" value="SUN_STANDARD"/>
    <property name="user.country" value="IN"/>
    <property name="sun.boot.library.path" value="/usr/lib/jvm/java-17-openjdk-amd64/lib"/>
    <property name="sun.java.command" value="/home/divum/Documents/Spring/NaanMudhalvanBackend/CD_15 ECommerceBackend (copy)/target/surefire/surefirebooter-20231108095918916_3.jar /home/divum/Documents/Spring/NaanMudhalvanBackend/CD_15 ECommerceBackend (copy)/target/surefire 2023-11-08T09-59-18_329-jvmRun1 surefire-20231108095918916_1tmp surefire_0-20231108095918916_2tmp"/>
    <property name="jdk.debug" value="release"/>
    <property name="surefire.test.class.path" value="/home/divum/Documents/Spring/NaanMudhalvanBackend/CD_15 ECommerceBackend (copy)/target/test-classes:/home/divum/Documents/Spring/NaanMudhalvanBackend/CD_15 ECommerceBackend (copy)/target/classes:/home/divum/.m2/repository/org/springframework/boot/spring-boot-starter-security/3.1.5/spring-boot-starter-security-3.1.5.jar:/home/divum/.m2/repository/org/springframework/boot/spring-boot-starter/3.1.5/spring-boot-starter-3.1.5.jar:/home/divum/.m2/repository/org/springframework/boot/spring-boot/3.1.5/spring-boot-3.1.5.jar:/home/divum/.m2/repository/org/springframework/boot/spring-boot-autoconfigure/3.1.5/spring-boot-autoconfigure-3.1.5.jar:/home/divum/.m2/repository/org/springframework/boot/spring-boot-starter-logging/3.1.5/spring-boot-starter-logging-3.1.5.jar:/home/divum/.m2/repository/ch/qos/logback/logback-classic/1.4.11/logback-classic-1.4.11.jar:/home/divum/.m2/repository/ch/qos/logback/logback-core/1.4.11/logback-core-1.4.11.jar:/home/divum/.m2/repository/org/apache/logging/log4j/log4j-to-slf4j/2.20.0/log4j-to-slf4j-2.20.0.jar:/home/divum/.m2/repository/org/apache/logging/log4j/log4j-api/2.20.0/log4j-api-2.20.0.jar:/home/divum/.m2/repository/org/slf4j/jul-to-slf4j/2.0.9/jul-to-slf4j-2.0.9.jar:/home/divum/.m2/repository/jakarta/annotation/jakarta.annotation-api/2.1.1/jakarta.annotation-api-2.1.1.jar:/home/divum/.m2/repository/org/yaml/snakeyaml/1.33/snakeyaml-1.33.jar:/home/divum/.m2/repository/org/springframework/spring-aop/6.0.13/spring-aop-6.0.13.jar:/home/divum/.m2/repository/org/springframework/spring-beans/6.0.13/spring-beans-6.0.13.jar:/home/divum/.m2/repository/org/springframework/security/spring-security-config/6.1.5/spring-security-config-6.1.5.jar:/home/divum/.m2/repository/org/springframework/spring-context/6.0.13/spring-context-6.0.13.jar:/home/divum/.m2/repository/org/springframework/security/spring-security-web/6.1.5/spring-security-web-6.1.5.jar:/home/divum/.m2/repository/org/springframework/spring-expression/6.0.13/spring-expression-6.0.13.jar:/home/divum/.m2/repository/org/springframework/boot/spring-boot-starter-web/3.1.5/spring-boot-starter-web-3.1.5.jar:/home/divum/.m2/repository/org/springframework/boot/spring-boot-starter-json/3.1.5/spring-boot-starter-json-3.1.5.jar:/home/divum/.m2/repository/com/fasterxml/jackson/datatype/jackson-datatype-jdk8/2.15.3/jackson-datatype-jdk8-2.15.3.jar:/home/divum/.m2/repository/com/fasterxml/jackson/datatype/jackson-datatype-jsr310/2.15.3/jackson-datatype-jsr310-2.15.3.jar:/home/divum/.m2/repository/com/fasterxml/jackson/module/jackson-module-parameter-names/2.15.3/jackson-module-parameter-names-2.15.3.jar:/home/divum/.m2/repository/org/springframework/boot/spring-boot-starter-tomcat/3.1.5/spring-boot-starter-tomcat-3.1.5.jar:/home/divum/.m2/repository/org/apache/tomcat/embed/tomcat-embed-core/10.1.15/tomcat-embed-core-10.1.15.jar:/home/divum/.m2/repository/org/apache/tomcat/embed/tomcat-embed-el/10.1.15/tomcat-embed-el-10.1.15.jar:/home/divum/.m2/repository/org/apache/tomcat/embed/tomcat-embed-websocket/10.1.15/tomcat-embed-websocket-10.1.15.jar:/home/divum/.m2/repository/org/springframework/spring-web/6.0.13/spring-web-6.0.13.jar:/home/divum/.m2/repository/io/micrometer/micrometer-observation/1.11.5/micrometer-observation-1.11.5.jar:/home/divum/.m2/repository/io/micrometer/micrometer-commons/1.11.5/micrometer-commons-1.11.5.jar:/home/divum/.m2/repository/org/springframework/spring-webmvc/6.0.13/spring-webmvc-6.0.13.jar:/home/divum/.m2/repository/org/springframework/boot/spring-boot-starter-data-mongodb/3.1.5/spring-boot-starter-data-mongodb-3.1.5.jar:/home/divum/.m2/repository/org/mongodb/mongodb-driver-sync/4.9.1/mongodb-driver-sync-4.9.1.jar:/home/divum/.m2/repository/org/mongodb/bson/4.9.1/bson-4.9.1.jar:/home/divum/.m2/repository/org/mongodb/mongodb-driver-core/4.9.1/mongodb-driver-core-4.9.1.jar:/home/divum/.m2/repository/org/mongodb/bson-record-codec/4.9.1/bson-record-codec-4.9.1.jar:/home/divum/.m2/repository/org/springframework/data/spring-data-mongodb/4.1.5/spring-data-mongodb-4.1.5.jar:/home/divum/.m2/repository/org/springframework/spring-tx/6.0.13/spring-tx-6.0.13.jar:/home/divum/.m2/repository/org/springframework/data/spring-data-commons/3.1.5/spring-data-commons-3.1.5.jar:/home/divum/.m2/repository/org/slf4j/slf4j-api/2.0.9/slf4j-api-2.0.9.jar:/home/divum/.m2/repository/org/projectlombok/lombok/1.18.30/lombok-1.18.30.jar:/home/divum/.m2/repository/io/jsonwebtoken/jjwt-jackson/0.11.5/jjwt-jackson-0.11.5.jar:/home/divum/.m2/repository/io/jsonwebtoken/jjwt-impl/0.11.5/jjwt-impl-0.11.5.jar:/home/divum/.m2/repository/io/jsonwebtoken/jjwt-api/0.11.5/jjwt-api-0.11.5.jar:/home/divum/.m2/repository/commons-io/commons-io/2.11.0/commons-io-2.11.0.jar:/home/divum/.m2/repository/com/fasterxml/jackson/core/jackson-databind/2.15.3/jackson-databind-2.15.3.jar:/home/divum/.m2/repository/com/fasterxml/jackson/core/jackson-annotations/2.15.3/jackson-annotations-2.15.3.jar:/home/divum/.m2/repository/com/fasterxml/jackson/core/jackson-core/2.15.3/jackson-core-2.15.3.jar:/home/divum/.m2/repository/org/springframework/boot/spring-boot-starter-test/3.1.5/spring-boot-starter-test-3.1.5.jar:/home/divum/.m2/repository/org/springframework/boot/spring-boot-test/3.1.5/spring-boot-test-3.1.5.jar:/home/divum/.m2/repository/org/springframework/boot/spring-boot-test-autoconfigure/3.1.5/spring-boot-test-autoconfigure-3.1.5.jar:/home/divum/.m2/repository/com/jayway/jsonpath/json-path/2.8.0/json-path-2.8.0.jar:/home/divum/.m2/repository/jakarta/xml/bind/jakarta.xml.bind-api/4.0.1/jakarta.xml.bind-api-4.0.1.jar:/home/divum/.m2/repository/jakarta/activation/jakarta.activation-api/2.1.2/jakarta.activation-api-2.1.2.jar:/home/divum/.m2/repository/net/minidev/json-smart/2.4.11/json-smart-2.4.11.jar:/home/divum/.m2/repository/net/minidev/accessors-smart/2.4.11/accessors-smart-2.4.11.jar:/home/divum/.m2/repository/org/ow2/asm/asm/9.3/asm-9.3.jar:/home/divum/.m2/repository/org/assertj/assertj-core/3.24.2/assertj-core-3.24.2.jar:/home/divum/.m2/repository/net/bytebuddy/byte-buddy/1.14.9/byte-buddy-1.14.9.jar:/home/divum/.m2/repository/org/hamcrest/hamcrest/2.2/hamcrest-2.2.jar:/home/divum/.m2/repository/org/junit/jupiter/junit-jupiter/5.9.3/junit-jupiter-5.9.3.jar:/home/divum/.m2/repository/org/junit/jupiter/junit-jupiter-api/5.9.3/junit-jupiter-api-5.9.3.jar:/home/divum/.m2/repository/org/opentest4j/opentest4j/1.2.0/opentest4j-1.2.0.jar:/home/divum/.m2/repository/org/junit/platform/junit-platform-commons/1.9.3/junit-platform-commons-1.9.3.jar:/home/divum/.m2/repository/org/apiguardian/apiguardian-api/1.1.2/apiguardian-api-1.1.2.jar:/home/divum/.m2/repository/org/junit/jupiter/junit-jupiter-params/5.9.3/junit-jupiter-params-5.9.3.jar:/home/divum/.m2/repository/org/junit/jupiter/junit-jupiter-engine/5.9.3/junit-jupiter-engine-5.9.3.jar:/home/divum/.m2/repository/org/junit/platform/junit-platform-engine/1.9.3/junit-platform-engine-1.9.3.jar:/home/divum/.m2/repository/org/mockito/mockito-core/5.3.1/mockito-core-5.3.1.jar:/home/divum/.m2/repository/net/bytebuddy/byte-buddy-agent/1.14.9/byte-buddy-agent-1.14.9.jar:/home/divum/.m2/repository/org/objenesis/objenesis/3.3/objenesis-3.3.jar:/home/divum/.m2/repository/org/mockito/mockito-junit-jupiter/5.3.1/mockito-junit-jupiter-5.3.1.jar:/home/divum/.m2/repository/org/skyscreamer/jsonassert/1.5.1/jsonassert-1.5.1.jar:/home/divum/.m2/repository/com/vaadin/external/google/android-json/0.0.20131108.vaadin1/android-json-0.0.20131108.vaadin1.jar:/home/divum/.m2/repository/org/springframework/spring-core/6.0.13/spring-core-6.0.13.jar:/home/divum/.m2/repository/org/springframework/spring-jcl/6.0.13/spring-jcl-6.0.13.jar:/home/divum/.m2/repository/org/springframework/spring-test/6.0.13/spring-test-6.0.13.jar:/home/divum/.m2/repository/org/xmlunit/xmlunit-core/2.9.1/xmlunit-core-2.9.1.jar:/home/divum/.m2/repository/org/springframework/security/spring-security-test/6.1.5/spring-security-test-6.1.5.jar:/home/divum/.m2/repository/org/springframework/security/spring-security-core/6.1.5/spring-security-core-6.1.5.jar:/home/divum/.m2/repository/org/springframework/security/spring-security-crypto/6.1.5/spring-security-crypto-6.1.5.jar:"/>
    <property name="sun.cpu.endian" value="little"/>
    <property name="user.home" value="/home/divum"/>
    <property name="user.language" value="en"/>
    <property name="java.specification.vendor" value="Oracle Corporation"/>
    <property name="java.version.date" value="2023-08-24"/>
    <property name="java.home" value="/usr/lib/jvm/java-17-openjdk-amd64"/>
    <property name="file.separator" value="/"/>
    <property name="basedir" value="/home/divum/Documents/Spring/NaanMudhalvanBackend/CD_15 ECommerceBackend (copy)"/>
    <property name="java.vm.compressedOopsMode" value="Zero based"/>
    <property name="line.separator" value="&#10;"/>
    <property name="java.specification.name" value="Java Platform API Specification"/>
    <property name="java.vm.specification.vendor" value="Oracle Corporation"/>
    <property name="FILE_LOG_CHARSET" value="UTF-8"/>
    <property name="java.awt.headless" value="true"/>
    <property name="surefire.real.class.path" value="/home/divum/Documents/Spring/NaanMudhalvanBackend/CD_15 ECommerceBackend (copy)/target/surefire/surefirebooter-20231108095918916_3.jar"/>
    <property name="sun.management.compiler" value="HotSpot 64-Bit Tiered Compilers"/>
    <property name="java.runtime.version" value="17.0.8.1+1-Ubuntu-0ubuntu122.04"/>
    <property name="user.name" value="divum"/>
    <property name="path.separator" value=":"/>
    <property name="os.version" value="6.2.0-36-generic"/>
    <property name="java.runtime.name" value="OpenJDK Runtime Environment"/>
    <property name="file.encoding" value="UTF-8"/>
    <property name="java.vm.name" value="OpenJDK 64-Bit Server VM"/>
    <property name="localRepository" value="/home/divum/.m2/repository"/>
    <property name="java.vendor.url.bug" value="Unknown"/>
    <property name="java.io.tmpdir" value="/tmp"/>
    <property name="java.version" value="17.0.8.1"/>
    <property name="user.dir" value="/home/divum/Documents/Spring/NaanMudhalvanBackend/CD_15 ECommerceBackend (copy)"/>
    <property name="os.arch" value="amd64"/>
    <property name="java.vm.specification.name" value="Java Virtual Machine Specification"/>
    <property name="PID" value="10818"/>
    <property name="CONSOLE_LOG_CHARSET" value="UTF-8"/>
    <property name="native.encoding" value="UTF-8"/>
    <property name="java.library.path" value="/usr/java/packages/lib:/usr/lib/x86_64-linux-gnu/jni:/lib/x86_64-linux-gnu:/usr/lib/x86_64-linux-gnu:/usr/lib/jni:/lib:/usr/lib"/>
    <property name="java.vm.info" value="mixed mode, sharing"/>
    <property name="java.vendor" value="Private Build"/>
    <property name="java.vm.version" value="17.0.8.1+1-Ubuntu-0ubuntu122.04"/>
    <property name="sun.io.unicode.encoding" value="UnicodeLittle"/>
    <property name="java.class.version" value="61.0"/>
  </properties>
  <testcase name="contextLoads" classname="com.example.cd_15ecommercebackend.Cd15ECommerceBackendApplicationTests" time="0.754">
    <system-out><![CDATA[09:59:19.681 [main] INFO org.springframework.test.context.support.AnnotationConfigContextLoaderUtils -- Could not detect default configuration classes for test class [com.example.cd_15ecommercebackend.Cd15ECommerceBackendApplicationTests]: Cd15ECommerceBackendApplicationTests does not declare any static, non-private, non-final, nested classes annotated with @Configuration.
09:59:19.813 [main] INFO org.springframework.boot.test.context.SpringBootTestContextBootstrapper -- Found @SpringBootConfiguration com.example.cd_15ecommercebackend.Cd15ECommerceBackendApplication for test class com.example.cd_15ecommercebackend.Cd15ECommerceBackendApplicationTests

  .   ____          _            __ _ _
 /\\ / ___'_ __ _ _(_)_ __  __ _ \ \ \ \
( ( )\___ | '_ | '_| | '_ \/ _` | \ \ \ \
 \\/  ___)| |_)| | | | | || (_| |  ) ) ) )
  '  |____| .__|_| |_|_| |_\__, | / / / /
 =========|_|==============|___/=/_/_/_/
 :: Spring Boot ::                (v3.1.5)

2023-11-08T09:59:20.235+05:30  INFO 10818 --- [           main] e.c.Cd15ECommerceBackendApplicationTests : Starting Cd15ECommerceBackendApplicationTests using Java 17.0.8.1 with PID 10818 (started by divum in /home/divum/Documents/Spring/NaanMudhalvanBackend/CD_15 ECommerceBackend (copy))
2023-11-08T09:59:20.237+05:30  INFO 10818 --- [           main] e.c.Cd15ECommerceBackendApplicationTests : No active profile set, falling back to 1 default profile: "default"
2023-11-08T09:59:20.941+05:30  INFO 10818 --- [           main] .s.d.r.c.RepositoryConfigurationDelegate : Bootstrapping Spring Data MongoDB repositories in DEFAULT mode.
2023-11-08T09:59:21.005+05:30  INFO 10818 --- [           main] .s.d.r.c.RepositoryConfigurationDelegate : Finished Spring Data repository scanning in 60 ms. Found 4 MongoDB repository interfaces.
2023-11-08T09:59:21.503+05:30  INFO 10818 --- [hxj.mongodb.net] org.mongodb.driver.cluster               : Adding discovered server ac-ekejbgb-shard-00-02.5pwyhxj.mongodb.net:27017 to client view of cluster
2023-11-08T09:59:21.513+05:30  INFO 10818 --- [           main] org.mongodb.driver.client                : MongoClient with metadata {"driver": {"name": "mongo-java-driver|sync|spring-boot", "version": "4.9.1"}, "os": {"type": "Linux", "name": "Linux", "architecture": "amd64", "version": "6.2.0-36-generic"}, "platform": "Java/Private Build/17.0.8.1+1-Ubuntu-0ubuntu122.04"} created with settings MongoClientSettings{readPreference=primary, writeConcern=WriteConcern{w=majority, wTimeout=null ms, journal=null}, retryWrites=true, retryReads=true, readConcern=ReadConcern{level=null}, credential=MongoCredential{mechanism=null, userName='sakthi', source='admin', password=<hidden>, mechanismProperties=<hidden>}, streamFactoryFactory=null, commandListeners=[], codecRegistry=ProvidersCodecRegistry{codecProviders=[ValueCodecProvider{}, BsonValueCodecProvider{}, DBRefCodecProvider{}, DBObjectCodecProvider{}, DocumentCodecProvider{}, CollectionCodecProvider{}, IterableCodecProvider{}, MapCodecProvider{}, GeoJsonCodecProvider{}, GridFSFileCodecProvider{}, Jsr310CodecProvider{}, JsonObjectCodecProvider{}, BsonCodecProvider{}, EnumCodecProvider{}, com.mongodb.client.model.mql.ExpressionCodecProvider@315105f, com.mongodb.Jep395RecordCodecProvider@7b61bf11]}, loggerSettings=LoggerSettings{maxDocumentLength=1000}, clusterSettings={hosts=[127.0.0.1:27017], srvHost=sk7db.5pwyhxj.mongodb.net, srvServiceName=mongodb, mode=MULTIPLE, requiredClusterType=REPLICA_SET, requiredReplicaSetName='atlas-2aoxwy-shard-0', serverSelector='null', clusterListeners='[]', serverSelectionTimeout='30000 ms', localThreshold='30000 ms'}, socketSettings=SocketSettings{connectTimeoutMS=10000, readTimeoutMS=0, receiveBufferSize=0, sendBufferSize=0}, heartbeatSocketSettings=SocketSettings{connectTimeoutMS=10000, readTimeoutMS=10000, receiveBufferSize=0, sendBufferSize=0}, connectionPoolSettings=ConnectionPoolSettings{maxSize=100, minSize=0, maxWaitTimeMS=120000, maxConnectionLifeTimeMS=0, maxConnectionIdleTimeMS=0, maintenanceInitialDelayMS=0, maintenanceFrequencyMS=60000, connectionPoolListeners=[], maxConnecting=2}, serverSettings=ServerSettings{heartbeatFrequencyMS=10000, minHeartbeatFrequencyMS=500, serverListeners='[]', serverMonitorListeners='[]'}, sslSettings=SslSettings{enabled=true, invalidHostNameAllowed=false, context=null}, applicationName='null', compressorList=[], uuidRepresentation=JAVA_LEGACY, serverApi=null, autoEncryptionSettings=null, contextProvider=null}
2023-11-08T09:59:21.525+05:30  INFO 10818 --- [hxj.mongodb.net] org.mongodb.driver.cluster               : Adding discovered server ac-ekejbgb-shard-00-01.5pwyhxj.mongodb.net:27017 to client view of cluster
2023-11-08T09:59:21.527+05:30  INFO 10818 --- [hxj.mongodb.net] org.mongodb.driver.cluster               : Adding discovered server ac-ekejbgb-shard-00-00.5pwyhxj.mongodb.net:27017 to client view of cluster
2023-11-08T09:59:21.859+05:30  INFO 10818 --- [           main] org.mongodb.driver.cluster               : No server chosen by com.mongodb.client.internal.MongoClientDelegate$$Lambda$1090/0x00007f93204afd08@39b626e5 from cluster description ClusterDescription{type=REPLICA_SET, connectionMode=MULTIPLE, serverDescriptions=[ServerDescription{address=ac-ekejbgb-shard-00-01.5pwyhxj.mongodb.net:27017, type=UNKNOWN, state=CONNECTING}, ServerDescription{address=ac-ekejbgb-shard-00-00.5pwyhxj.mongodb.net:27017, type=UNKNOWN, state=CONNECTING}, ServerDescription{address=ac-ekejbgb-shard-00-02.5pwyhxj.mongodb.net:27017, type=UNKNOWN, state=CONNECTING}]}. Waiting for 30000 ms before timing out
2023-11-08T09:59:22.698+05:30  INFO 10818 --- [ngodb.net:27017] org.mongodb.driver.cluster               : Monitor thread successfully connected to server with description ServerDescription{address=ac-ekejbgb-shard-00-01.5pwyhxj.mongodb.net:27017, type=REPLICA_SET_SECONDARY, state=CONNECTED, ok=true, minWireVersion=0, maxWireVersion=17, maxDocumentSize=16777216, logicalSessionTimeoutMinutes=30, roundTripTimeNanos=708774974, setName='atlas-2aoxwy-shard-0', canonicalAddress=ac-ekejbgb-shard-00-01.5pwyhxj.mongodb.net:27017, hosts=[ac-ekejbgb-shard-00-00.5pwyhxj.mongodb.net:27017, ac-ekejbgb-shard-00-01.5pwyhxj.mongodb.net:27017, ac-ekejbgb-shard-00-02.5pwyhxj.mongodb.net:27017], passives=[], arbiters=[], primary='ac-ekejbgb-shard-00-02.5pwyhxj.mongodb.net:27017', tagSet=TagSet{[Tag{name='nodeType', value='ELECTABLE'}, Tag{name='provider', value='AWS'}, Tag{name='region', value='US_EAST_1'}, Tag{name='workloadType', value='OPERATIONAL'}]}, electionId=null, setVersion=8, topologyVersion=TopologyVersion{processId=654aefb0126b75973c8706c7, counter=4}, lastWriteDate=Wed Nov 08 09:59:22 IST 2023, lastUpdateTimeNanos=2084671856232}
2023-11-08T09:59:22.698+05:30  INFO 10818 --- [ngodb.net:27017] org.mongodb.driver.cluster               : Monitor thread successfully connected to server with description ServerDescription{address=ac-ekejbgb-shard-00-00.5pwyhxj.mongodb.net:27017, type=REPLICA_SET_SECONDARY, state=CONNECTED, ok=true, minWireVersion=0, maxWireVersion=17, maxDocumentSize=16777216, logicalSessionTimeoutMinutes=30, roundTripTimeNanos=716371420, setName='atlas-2aoxwy-shard-0', canonicalAddress=ac-ekejbgb-shard-00-00.5pwyhxj.mongodb.net:27017, hosts=[ac-ekejbgb-shard-00-00.5pwyhxj.mongodb.net:27017, ac-ekejbgb-shard-00-01.5pwyhxj.mongodb.net:27017, ac-ekejbgb-shard-00-02.5pwyhxj.mongodb.net:27017], passives=[], arbiters=[], primary='ac-ekejbgb-shard-00-02.5pwyhxj.mongodb.net:27017', tagSet=TagSet{[Tag{name='nodeType', value='ELECTABLE'}, Tag{name='provider', value='AWS'}, Tag{name='region', value='US_EAST_1'}, Tag{name='workloadType', value='OPERATIONAL'}]}, electionId=null, setVersion=8, topologyVersion=TopologyVersion{processId=6534593a938ff31fa0726c5f, counter=194}, lastWriteDate=Wed Nov 08 09:59:22 IST 2023, lastUpdateTimeNanos=2084671851824}
2023-11-08T09:59:22.699+05:30  INFO 10818 --- [ngodb.net:27017] org.mongodb.driver.cluster               : Monitor thread successfully connected to server with description ServerDescription{address=ac-ekejbgb-shard-00-02.5pwyhxj.mongodb.net:27017, type=REPLICA_SET_PRIMARY, state=CONNECTED, ok=true, minWireVersion=0, maxWireVersion=17, maxDocumentSize=16777216, logicalSessionTimeoutMinutes=30, roundTripTimeNanos=697975257, setName='atlas-2aoxwy-shard-0', canonicalAddress=ac-ekejbgb-shard-00-02.5pwyhxj.mongodb.net:27017, hosts=[ac-ekejbgb-shard-00-00.5pwyhxj.mongodb.net:27017, ac-ekejbgb-shard-00-01.5pwyhxj.mongodb.net:27017, ac-ekejbgb-shard-00-02.5pwyhxj.mongodb.net:27017], passives=[], arbiters=[], primary='ac-ekejbgb-shard-00-02.5pwyhxj.mongodb.net:27017', tagSet=TagSet{[Tag{name='nodeType', value='ELECTABLE'}, Tag{name='provider', value='AWS'}, Tag{name='region', value='US_EAST_1'}, Tag{name='workloadType', value='OPERATIONAL'}]}, electionId=7fffffff0000000000000515, setVersion=8, topologyVersion=TopologyVersion{processId=654acb9751507e50fc400d93, counter=8}, lastWriteDate=Wed Nov 08 09:59:22 IST 2023, lastUpdateTimeNanos=2084671848982}
2023-11-08T09:59:22.711+05:30  INFO 10818 --- [ngodb.net:27017] org.mongodb.driver.cluster               : Discovered replica set primary ac-ekejbgb-shard-00-02.5pwyhxj.mongodb.net:27017 with max election id 7fffffff0000000000000515 and max set version 8
2023-11-08T09:59:25.432+05:30  INFO 10818 --- [           main] o.s.s.web.DefaultSecurityFilterChain     : Will secure any request with [org.springframework.security.web.session.DisableEncodeUrlFilter@3d0352, org.springframework.security.web.context.request.async.WebAsyncManagerIntegrationFilter@bb6f3f7, org.springframework.security.web.context.SecurityContextHolderFilter@7282af25, org.springframework.security.web.header.HeaderWriterFilter@2094bf3d, org.springframework.web.filter.CorsFilter@388f1258, org.springframework.security.web.authentication.logout.LogoutFilter@7b3cbe6e, com.example.cd_15ecommercebackend.Filter.JwtAuthenticationFilter@62058742, org.springframework.security.web.savedrequest.RequestCacheAwareFilter@20ffb8d5, org.springframework.security.web.servletapi.SecurityContextHolderAwareRequestFilter@57e03347, org.springframework.security.web.authentication.AnonymousAuthenticationFilter@aca2fc3, org.springframework.security.web.session.SessionManagementFilter@1132baa3, org.springframework.security.web.access.ExceptionTranslationFilter@57a667c8, org.springframework.security.web.access.intercept.AuthorizationFilter@18026052]
2023-11-08T09:59:25.668+05:30  INFO 10818 --- [           main] e.c.Cd15ECommerceBackendApplicationTests : Started Cd15ECommerceBackendApplicationTests in 5.694 seconds (process running for 6.703)
]]></system-out>
  </testcase>
</testsuite>